<?xml version="1.0" encoding="UTF-8"?>
<!-- Generated by org.testng.reporters.JUnitXMLReporter -->
<testsuite ignored="0" hostname="DESKTOP-5B2A0L0" failures="0" tests="4" name="Test" time="70.76" errors="0" timestamp="2023-01-22T13:11:19 IST">
  <testcase classname="com.simplelearn.AppiumDemo.Calculator" name="verifyAdditionProcess" time="8.437"/>
  <testcase classname="com.simplelearn.AppiumDemo.Calculator" name="verifySubtractProcess" time="6.567"/>
  <testcase classname="com.simplelearn.AppiumDemo.Calculator" name="verifyMultiplyProcess" time="4.73"/>
  <testcase classname="com.simplelearn.AppiumDemo.Calculator" name="verifyDelBtnPresent" time="0.192"/>
</testsuite> <!-- Test -->
